[debug] [2023-03-27T23:53:05.341Z] ----------------------------------------------------------------------
[debug] [2023-03-27T23:53:05.342Z] Command:       /Users/Ibis/.nvm/versions/node/v18.12.1/bin/node /Users/Ibis/.nvm/versions/node/v18.12.1/bin/firebase deploy
[debug] [2023-03-27T23:53:05.342Z] CLI Version:   11.25.1
[debug] [2023-03-27T23:53:05.342Z] Platform:      darwin
[debug] [2023-03-27T23:53:05.342Z] Node Version:  v18.12.1
[debug] [2023-03-27T23:53:05.345Z] Time:          Mon Mar 27 2023 19:53:05 GMT-0400 (Eastern Daylight Time)
[debug] [2023-03-27T23:53:05.345Z] ----------------------------------------------------------------------
[debug] 
[debug] [2023-03-27T23:53:05.375Z] > command requires scopes: ["email","openid","https://www.googleapis.com/auth/cloudplatformprojects.readonly","https://www.googleapis.com/auth/firebase","https://www.googleapis.com/auth/cloud-platform"]
[debug] [2023-03-27T23:53:05.376Z] > authorizing via signed-in user (iebdev84@gmail.com)
[debug] [2023-03-27T23:53:05.377Z] [iam] checking project astrapredict for permissions ["firebase.projects.get","firebasehosting.sites.update"]
[debug] [2023-03-27T23:53:05.377Z] >>> [apiv2][query] POST https://cloudresourcemanager.googleapis.com/v1/projects/astrapredict:testIamPermissions [none]
[debug] [2023-03-27T23:53:05.378Z] >>> [apiv2][(partial)header] POST https://cloudresourcemanager.googleapis.com/v1/projects/astrapredict:testIamPermissions x-goog-quota-user=projects/astrapredict
[debug] [2023-03-27T23:53:05.378Z] >>> [apiv2][body] POST https://cloudresourcemanager.googleapis.com/v1/projects/astrapredict:testIamPermissions {"permissions":["firebase.projects.get","firebasehosting.sites.update"]}
[debug] [2023-03-27T23:53:05.656Z] <<< [apiv2][status] POST https://cloudresourcemanager.googleapis.com/v1/projects/astrapredict:testIamPermissions 200
[debug] [2023-03-27T23:53:05.657Z] <<< [apiv2][body] POST https://cloudresourcemanager.googleapis.com/v1/projects/astrapredict:testIamPermissions {"permissions":["firebase.projects.get","firebasehosting.sites.update"]}
[debug] [2023-03-27T23:53:05.659Z] >>> [apiv2][query] GET https://firebase.googleapis.com/v1beta1/projects/astrapredict [none]
[debug] [2023-03-27T23:53:05.968Z] <<< [apiv2][status] GET https://firebase.googleapis.com/v1beta1/projects/astrapredict 200
[debug] [2023-03-27T23:53:05.968Z] <<< [apiv2][body] GET https://firebase.googleapis.com/v1beta1/projects/astrapredict {"projectId":"astrapredict","projectNumber":"702714513999","displayName":"astrapredict","name":"projects/astrapredict","resources":{"hostingSite":"astrapredict"},"state":"ACTIVE","etag":"1_fd30ff5c-4426-49ca-b689-68da5fa9c24e"}
[info] 
[info] === Deploying to 'astrapredict'...
[info] 
[info] i  deploying hosting 
[debug] [2023-03-27T23:53:05.973Z] >>> [apiv2][query] POST https://firebasehosting.googleapis.com/v1beta1/projects/-/sites/astrapredict/versions [none]
[debug] [2023-03-27T23:53:05.973Z] >>> [apiv2][body] POST https://firebasehosting.googleapis.com/v1beta1/projects/-/sites/astrapredict/versions {"status":"CREATED","labels":{"deployment-tool":"cli-firebase"}}
[debug] [2023-03-27T23:53:06.711Z] <<< [apiv2][status] POST https://firebasehosting.googleapis.com/v1beta1/projects/-/sites/astrapredict/versions 200
[debug] [2023-03-27T23:53:06.712Z] <<< [apiv2][body] POST https://firebasehosting.googleapis.com/v1beta1/projects/-/sites/astrapredict/versions {"name":"projects/702714513999/sites/astrapredict/versions/de6a81bcd367cbe4","status":"CREATED","config":{},"labels":{"deployment-tool":"cli-firebase"}}
[info] i  hosting[astrapredict]: beginning deploy... 
[info] i  hosting[astrapredict]: found 62 files in build 
[debug] [2023-03-27T23:53:06.731Z] [hosting] uploading with 200 concurrency
[debug] [2023-03-27T23:53:07.357Z] [hosting] hash cache [YnVpbGQ] stored for 62 files
[debug] [2023-03-27T23:53:07.358Z] [hosting][hash queue][FINAL] {"max":615,"min":16,"avg":464.8709677419355,"active":0,"complete":62,"success":62,"errored":0,"retried":0,"total":62,"elapsed":623}
[debug] [2023-03-27T23:53:07.358Z] >>> [apiv2][query] POST https://firebasehosting.googleapis.com/v1beta1/projects/702714513999/sites/astrapredict/versions/de6a81bcd367cbe4:populateFiles [none]
[debug] [2023-03-27T23:53:07.358Z] >>> [apiv2][body] POST https://firebasehosting.googleapis.com/v1beta1/projects/702714513999/sites/astrapredict/versions/de6a81bcd367cbe4:populateFiles {"files":{"/logo192.png":"caff018b7f1e8fd481eb1c50d75b0ef236bcd5078b1d15c8bb348453fee30293","/robots.txt":"391d14b3c2f8c9143a27a28c7399585142228d4d1bdbe2c87ac946de411fa9a2","/asset-manifest.json":"800b7e44a53ab88e5392e7765219640b0a2bcd11d70ce57239ffb2e9a12795bf","/favicon.ico":"b72f7455f00e4e58792d2bca892abb068e2213838c0316d6b7a0d6d16acd1955","/index.html":"6bd9c5319c3b7c14abaeba38142036dcaeb16a1699b56adfb8759a2bd8447637","/static/css/main.8c0fa27e.css":"437428bd4be8dea9aff0c18ed17bfa29e04fbb4fb5d24e10b78d075783c47afa","/static/js/main.882fc1ce.js.LICENSE.txt":"51d661b9f06db1e544b52d2cf226d67371b12776c4ce8ee67adbd4fc5ddd635e","/static/css/main.8c0fa27e.css.map":"2959893b365cdbbb1ea30965acddd4453ccceb363387399c5199560fa9cc1f16","/static/js/787.9b0f7abd.chunk.js":"25184f00edf7ddbd3a272902e26c57af886b48180569c7deb26d202c6239d9a2","/manifest.json":"341d52628782f8ac9290bbfc43298afccb47b7cbfcee146ae30cf0f46bc30900","/static/js/787.9b0f7abd.chunk.js.map":"795b29a630f5231062566c21dd5cb0a9a13a768e73a66313bdfe1fafc184e1a8","/logo512.png":"191fc21360b4ccfb1cda11a1efb97f489ed22672ca83f4064316802bbfdd750e","/static/js/main.882fc1ce.js":"4bfc42e6d4afe3e1cfba6319027546f6f4af3fff788a9cbb4fff0f2a1fc1edfc","/static/js/main.882fc1ce.js.map":"fdd3c4a9af87d96ae422a092a0e168963d2fedb9a7109f2ca066bb18464f7057","/static/media/aries2.510f822a9db1961b8b88.png":"23c5f290cd7c0f8c322f02fe3c2a1df4d55fcd8387309c85bb6fbbf640870101","/static/media/pisces2.59e387cfc1eded861449.png":"e3e152f3918f91fbafb3e28c96e1b868538d73793cb0e97c2ca27dace1e0201b","/static/media/scorpio1.5ae6444f1c5f216dd8ca.png":"77acdb44033b8b104356ba042fd6790d62418736005c4114c3c90e356f9cf346","/static/media/sagittarius1.2764a195decc24e6b1d0.png":"9e57912cfaf5c991ad7d21e27fd6a3d488217e529738bc4c14d91efe36d4b500","/static/media/gemini2.c667023f8e70b5a72cb3.png":"5cc72915ab34b8d3a481e267726e89b62beeeed43d53971d24b7d24b2fdbc923","/static/media/scorpio2.e0d1161b407b8050e5cd.png":"453edecb5aee0f06b9b6767e307dbf764b20ef83bb51509496538481ca32a888","/static/media/aries3.8963f1ab4a5df48773ad.png":"c0fa16bad6f21f81dc903e211c750274e52bdf58d35440cdf958e7d981a9b87e","/static/media/libra0.3ddc4e93d0a79aad1006.png":"73423f95abc1be6a55a0853c1c1f1ee06e7dc94dbdf5ab0b7df2666ab8ac9ee8","/static/media/aries0.fbed5bae70d7d2eec88f.png":"26afbd3b472cdd94c97dd9ad2a13af6f2da2031d9a2d9f52cdbc9bead8242829","/static/media/leo0.041af70fcc3d195ee59b.png":"51d5baf8520e2ff3f228ce99d30ccbc2e926e6c103805c602c2ae7c583a2de86","/static/media/scorpio3.3adc12477fb776543491.png":"dca56043cea0deb58009f777a21b8df3bf35efe38ef57981840dc335ef676330","/static/media/gemini0.7ffae5b86db68c7a80ca.png":"3bb22184cc6203312254eb810c9eed06cab413af1a02cdb4a46d20213f86da95","/static/media/aquarius2.49c5a632abbe6e79422a.png":"5425633d99f8d50068e6e8d2a8f489e76097345e99606f9098a3c9ca8f80bea4","/static/media/aquarius3.be028a8d2ecfe22191a1.png":"a7e0e8bb776a1728baf56b405b5057e18733bdb747011230a06c15bc19002d8c","/static/media/pisces3.8c16670815682ed13ce5.png":"46360a90a1bc1ec80bad868148f968484906e38f73f67a6e78b762e63b8aea7d","/static/media/taurus3.17a6527d8821904ff39b.png":"f007b594c3591e41e71cfa54beb26feabac17e7b5b486b03c8c807c9477e1aeb","/static/media/aquarius1.1defb6e3180771708421.png":"0ffb36b396665bacd281577264e86ae704b55a56f3defedb00823a8807f83193","/static/media/taurus0.9b59202a0741ffe0846f.png":"b2ae063f7330e16347214d3974631afa910a6fa3e61547194e1270c910440727","/static/media/gemini3.e0a8c6fc5a35cf395b70.png":"1b91e9501ea4c01bb722de730d4d7a431963392fe2767f3acc8e43fd65ea0321","/static/media/libra3.ca049cfc7dbba8be67f0.png":"b8634a1adba31a556081895be29edf123406632de23005d655cbd3ce38d77c03","/static/media/cancer1.7438489c5dcf8ba63b51.png":"e86c2a266a89ed4fcb10652e01eaaa365e13393f2b48406f7df2a44f38044c57","/static/media/gemini1.e4ec71826950c8cd033f.png":"6ac4b68283ac0f5639401bcf6975337e0de822e508f2ec48a85acb8084ebdf67","/static/media/cancer2.bab6ae57d1af32822ee9.png":"eb1a45164cdcfdd28d92fe06268cefb5f7f04bfacfdddda69fbd99e1e77882b9","/static/media/virgo3.5f14440812cc5984cf3c.png":"056aaf6e415fc6f52cffcc4b6f28a1bebefdede9fe6299b33d77e49371d3c84d","/static/media/libra1.31a244bf431baeb45744.png":"b6e9e3fd6f48704a6eadf4522cc5515cd17b8e25e712687d40b52961ce8db964","/static/media/leo3.13940f60d984381cac7e.png":"e828abe71bae4861da895f045e00f23071c810d3f38cf64a4aec7bf7b6f932a1","/static/media/libra2.d42f6812384e11867b80.png":"95dd258dba03b63f9e3720df4ab912b5fe1be5200634e796be275c83399a94df","/static/media/pisces0.187147f687cb5a9c5888.png":"9b1ea5c73f5026e55cff47abc4621cedf57340f2b9cbb24b898f1a6382c36d22","/static/media/capricorn0.2e7ed0f46a1506254be5.png":"5a1d8d72a22560d32c94e32ea79416b27b3c1ae40aebd5279196a3b6debbcaae","/static/media/scorpio0.ce6c9f9dbae292a1d79e.png":"3a0511dcf08b49f23583a14131a6fc3598d3c11ccd246ece1b5b4ebf9d83adc5","/static/media/sagittarius2.6a94b15ef03cfc0bf9de.png":"a82160ba07ec7e7b84315ae2a0a46ec7b5ddd4de3200c73794190798d4be8adb","/static/media/cancer0.8f6c5f41f7498f66f8d7.png":"6cc78fe1d9d40c38c0bd808dba2ce6995134612a45cb5922f1ceb111830a0c14","/static/media/cancer3.2ce31446180bbae42f4e.png":"38e99df81e7521a4d917d0cd7190093a683d7e7631ec974ed19ce7f19580f589","/static/media/virgo0.0824738a33727ff230f7.png":"6a2ecf05b4d7c9db12584649346c48792989a6a8b1d409e72fbb9f07917f5d44","/static/media/aries1.e84a87732bc22d07d955.png":"4f895000fc64c9ec5c3c6ea5cbb6d38e4fd217ca13fe2f052bdf1f274055d53f","/static/media/sagittarius3.0b00c1660030d10ac562.png":"ad9aaadcdded620c39d7807b72790a57e89e8951a8e555174954a49892cb6f74","/static/media/aquarius0.03de67b429e8704dcb43.png":"2e0a08034b9319ecfa1ba3457122a40b5fc64d559ec2dd2c8d512d43a862c7e3","/static/media/virgo2.64d7bc84e8f866976b7b.png":"9c85307242d90e8296de293ddfb766e3c02867ebf2cee36df703364409431caf","/static/media/sagittarius0.966d813090a793f86580.png":"5f3dac0623cef40087f0a7ab2c5b04294c7b735ab962cd83efec324deb5f81ef","/static/media/capricorn1.054a92e1bd53deba27e2.png":"2d31cc757ff7fd8530dd684231290e49dc2687c7380320f7eee7b1a8b64d33a2","/static/media/leo2.3c2b0d76e34023da7aa9.png":"748e937784576b782e513dc86228fb22592631a2a0811357724317ec79c2a69a","/static/media/virgo1.c99f95ac28b3a47a26a8.png":"29d642d402e3f02300e1193c5c139ab0fc914f9422c0b061b9f4d9d7f76f224f","/static/media/taurus1.cf9902741d3204c0a3fa.png":"16baa022b508142c7a584a8a51ced1ad33e34fedcc56e0ba7ee5f814e4909cf8","/static/media/capricorn3.5bb12170a172a85f0069.png":"b4a06fd9811231c6d6ced98287819afe56a052f6c5b96a7b5dfca693d7cbcc79","/static/media/leo1.d1f42e6b7c4402b33c2a.png":"b7fb545f6ed4c68c1472f0a2aad71eb47745e814b4ab3e2becb738d28f1ec7a6","/static/media/pisces1.74e4dc1cd3f83fd40389.png":"7342241f90460fa7bc1a1b151d4ea968bd7ab842e9edd09c85f4811c00a5ff44","/static/media/taurus2.f562244e36cc9db43a33.png":"b9173324186006479379a4e39cec83be3ba301f454eeef6df928fc0aa81814d9","/static/media/capricorn2.25fae55ec712827a7f3b.png":"5ec880b0226d209a866432841dc5a3ee31b89a94381233d9880fb3fb75ad7d0f"}}
[debug] [2023-03-27T23:53:07.924Z] <<< [apiv2][status] POST https://firebasehosting.googleapis.com/v1beta1/projects/702714513999/sites/astrapredict/versions/de6a81bcd367cbe4:populateFiles 200
[debug] [2023-03-27T23:53:07.924Z] <<< [apiv2][body] POST https://firebasehosting.googleapis.com/v1beta1/projects/702714513999/sites/astrapredict/versions/de6a81bcd367cbe4:populateFiles {"uploadRequiredHashes":["056aaf6e415fc6f52cffcc4b6f28a1bebefdede9fe6299b33d77e49371d3c84d","ad9aaadcdded620c39d7807b72790a57e89e8951a8e555174954a49892cb6f74","3bb22184cc6203312254eb810c9eed06cab413af1a02cdb4a46d20213f86da95","6a2ecf05b4d7c9db12584649346c48792989a6a8b1d409e72fbb9f07917f5d44","453edecb5aee0f06b9b6767e307dbf764b20ef83bb51509496538481ca32a888","b2ae063f7330e16347214d3974631afa910a6fa3e61547194e1270c910440727","b6e9e3fd6f48704a6eadf4522cc5515cd17b8e25e712687d40b52961ce8db964","a7e0e8bb776a1728baf56b405b5057e18733bdb747011230a06c15bc19002d8c","748e937784576b782e513dc86228fb22592631a2a0811357724317ec79c2a69a","5a1d8d72a22560d32c94e32ea79416b27b3c1ae40aebd5279196a3b6debbcaae","e86c2a266a89ed4fcb10652e01eaaa365e13393f2b48406f7df2a44f38044c57","4bfc42e6d4afe3e1cfba6319027546f6f4af3fff788a9cbb4fff0f2a1fc1edfc","2e0a08034b9319ecfa1ba3457122a40b5fc64d559ec2dd2c8d512d43a862c7e3","46360a90a1bc1ec80bad868148f968484906e38f73f67a6e78b762e63b8aea7d","51d5baf8520e2ff3f228ce99d30ccbc2e926e6c103805c602c2ae7c583a2de86","3a0511dcf08b49f23583a14131a6fc3598d3c11ccd246ece1b5b4ebf9d83adc5","5cc72915ab34b8d3a481e267726e89b62beeeed43d53971d24b7d24b2fdbc923","5425633d99f8d50068e6e8d2a8f489e76097345e99606f9098a3c9ca8f80bea4","b4a06fd9811231c6d6ced98287819afe56a052f6c5b96a7b5dfca693d7cbcc79","16baa022b508142c7a584a8a51ced1ad33e34fedcc56e0ba7ee5f814e4909cf8","800b7e44a53ab88e5392e7765219640b0a2bcd11d70ce57239ffb2e9a12795bf","6cc78fe1d9d40c38c0bd808dba2ce6995134612a45cb5922f1ceb111830a0c14","a82160ba07ec7e7b84315ae2a0a46ec7b5ddd4de3200c73794190798d4be8adb","23c5f290cd7c0f8c322f02fe3c2a1df4d55fcd8387309c85bb6fbbf640870101","5ec880b0226d209a866432841dc5a3ee31b89a94381233d9880fb3fb75ad7d0f","1b91e9501ea4c01bb722de730d4d7a431963392fe2767f3acc8e43fd65ea0321","c0fa16bad6f21f81dc903e211c750274e52bdf58d35440cdf958e7d981a9b87e","f007b594c3591e41e71cfa54beb26feabac17e7b5b486b03c8c807c9477e1aeb","e3e152f3918f91fbafb3e28c96e1b868538d73793cb0e97c2ca27dace1e0201b","77acdb44033b8b104356ba042fd6790d62418736005c4114c3c90e356f9cf346","e828abe71bae4861da895f045e00f23071c810d3f38cf64a4aec7bf7b6f932a1","7342241f90460fa7bc1a1b151d4ea968bd7ab842e9edd09c85f4811c00a5ff44","b7fb545f6ed4c68c1472f0a2aad71eb47745e814b4ab3e2becb738d28f1ec7a6","9e57912cfaf5c991ad7d21e27fd6a3d488217e529738bc4c14d91efe36d4b500","38e99df81e7521a4d917d0cd7190093a683d7e7631ec974ed19ce7f19580f589","6bd9c5319c3b7c14abaeba38142036dcaeb16a1699b56adfb8759a2bd8447637","b9173324186006479379a4e39cec83be3ba301f454eeef6df928fc0aa81814d9","26afbd3b472cdd94c97dd9ad2a13af6f2da2031d9a2d9f52cdbc9bead8242829","2d31cc757ff7fd8530dd684231290e49dc2687c7380320f7eee7b1a8b64d33a2","dca56043cea0deb58009f777a21b8df3bf35efe38ef57981840dc335ef676330","6ac4b68283ac0f5639401bcf6975337e0de822e508f2ec48a85acb8084ebdf67","fdd3c4a9af87d96ae422a092a0e168963d2fedb9a7109f2ca066bb18464f7057","95dd258dba03b63f9e3720df4ab912b5fe1be5200634e796be275c83399a94df","9c85307242d90e8296de293ddfb766e3c02867ebf2cee36df703364409431caf","29d642d402e3f02300e1193c5c139ab0fc914f9422c0b061b9f4d9d7f76f224f","b8634a1adba31a556081895be29edf123406632de23005d655cbd3ce38d77c03","0ffb36b396665bacd281577264e86ae704b55a56f3defedb00823a8807f83193","4f895000fc64c9ec5c3c6ea5cbb6d38e4fd217ca13fe2f052bdf1f274055d53f"],"uploadUrl":"https://upload-firebasehosting.googleapis.com/upload/sites/astrapredict/versions/de6a81bcd367cbe4/files"}
[debug] [2023-03-27T23:53:07.932Z] >>> [apiv2][query] POST https://upload-firebasehosting.googleapis.com/upload/sites/astrapredict/versions/de6a81bcd367cbe4/files/056aaf6e415fc6f52cffcc4b6f28a1bebefdede9fe6299b33d77e49371d3c84d [none]
[debug] [2023-03-27T23:53:07.932Z] >>> [apiv2][body] POST https://upload-firebasehosting.googleapis.com/upload/sites/astrapredict/versions/de6a81bcd367cbe4/files/056aaf6e415fc6f52cffcc4b6f28a1bebefdede9fe6299b33d77e49371d3c84d [stream]
[debug] [2023-03-27T23:53:07.933Z] >>> [apiv2][query] POST https://upload-firebasehosting.googleapis.com/upload/sites/astrapredict/versions/de6a81bcd367cbe4/files/ad9aaadcdded620c39d7807b72790a57e89e8951a8e555174954a49892cb6f74 [none]
[debug] [2023-03-27T23:53:07.933Z] >>> [apiv2][body] POST https://upload-firebasehosting.googleapis.com/upload/sites/astrapredict/versions/de6a81bcd367cbe4/files/ad9aaadcdded620c39d7807b72790a57e89e8951a8e555174954a49892cb6f74 [stream]
[debug] [2023-03-27T23:53:07.934Z] >>> [apiv2][query] POST https://upload-firebasehosting.googleapis.com/upload/sites/astrapredict/versions/de6a81bcd367cbe4/files/3bb22184cc6203312254eb810c9eed06cab413af1a02cdb4a46d20213f86da95 [none]
[debug] [2023-03-27T23:53:07.935Z] >>> [apiv2][body] POST https://upload-firebasehosting.googleapis.com/upload/sites/astrapredict/versions/de6a81bcd367cbe4/files/3bb22184cc6203312254eb810c9eed06cab413af1a02cdb4a46d20213f86da95 [stream]
[debug] [2023-03-27T23:53:07.935Z] >>> [apiv2][query] POST https://upload-firebasehosting.googleapis.com/upload/sites/astrapredict/versions/de6a81bcd367cbe4/files/6a2ecf05b4d7c9db12584649346c48792989a6a8b1d409e72fbb9f07917f5d44 [none]
[debug] [2023-03-27T23:53:07.935Z] >>> [apiv2][body] POST https://upload-firebasehosting.googleapis.com/upload/sites/astrapredict/versions/de6a81bcd367cbe4/files/6a2ecf05b4d7c9db12584649346c48792989a6a8b1d409e72fbb9f07917f5d44 [stream]
[debug] [2023-03-27T23:53:07.936Z] >>> [apiv2][query] POST https://upload-firebasehosting.googleapis.com/upload/sites/astrapredict/versions/de6a81bcd367cbe4/files/453edecb5aee0f06b9b6767e307dbf764b20ef83bb51509496538481ca32a888 [none]
[debug] [2023-03-27T23:53:07.936Z] >>> [apiv2][body] POST https://upload-firebasehosting.googleapis.com/upload/sites/astrapredict/versions/de6a81bcd367cbe4/files/453edecb5aee0f06b9b6767e307dbf764b20ef83bb51509496538481ca32a888 [stream]
[debug] [2023-03-27T23:53:07.938Z] >>> [apiv2][query] POST https://upload-firebasehosting.googleapis.com/upload/sites/astrapredict/versions/de6a81bcd367cbe4/files/b2ae063f7330e16347214d3974631afa910a6fa3e61547194e1270c910440727 [none]
[debug] [2023-03-27T23:53:07.938Z] >>> [apiv2][body] POST https://upload-firebasehosting.googleapis.com/upload/sites/astrapredict/versions/de6a81bcd367cbe4/files/b2ae063f7330e16347214d3974631afa910a6fa3e61547194e1270c910440727 [stream]
[debug] [2023-03-27T23:53:07.939Z] >>> [apiv2][query] POST https://upload-firebasehosting.googleapis.com/upload/sites/astrapredict/versions/de6a81bcd367cbe4/files/b6e9e3fd6f48704a6eadf4522cc5515cd17b8e25e712687d40b52961ce8db964 [none]
[debug] [2023-03-27T23:53:07.939Z] >>> [apiv2][body] POST https://upload-firebasehosting.googleapis.com/upload/sites/astrapredict/versions/de6a81bcd367cbe4/files/b6e9e3fd6f48704a6eadf4522cc5515cd17b8e25e712687d40b52961ce8db964 [stream]
[debug] [2023-03-27T23:53:07.941Z] >>> [apiv2][query] POST https://upload-firebasehosting.googleapis.com/upload/sites/astrapredict/versions/de6a81bcd367cbe4/files/a7e0e8bb776a1728baf56b405b5057e18733bdb747011230a06c15bc19002d8c [none]
[debug] [2023-03-27T23:53:07.941Z] >>> [apiv2][body] POST https://upload-firebasehosting.googleapis.com/upload/sites/astrapredict/versions/de6a81bcd367cbe4/files/a7e0e8bb776a1728baf56b405b5057e18733bdb747011230a06c15bc19002d8c [stream]
[debug] [2023-03-27T23:53:07.942Z] >>> [apiv2][query] POST https://upload-firebasehosting.googleapis.com/upload/sites/astrapredict/versions/de6a81bcd367cbe4/files/748e937784576b782e513dc86228fb22592631a2a0811357724317ec79c2a69a [none]
[debug] [2023-03-27T23:53:07.942Z] >>> [apiv2][body] POST https://upload-firebasehosting.googleapis.com/upload/sites/astrapredict/versions/de6a81bcd367cbe4/files/748e937784576b782e513dc86228fb22592631a2a0811357724317ec79c2a69a [stream]
[debug] [2023-03-27T23:53:07.943Z] >>> [apiv2][query] POST https://upload-firebasehosting.googleapis.com/upload/sites/astrapredict/versions/de6a81bcd367cbe4/files/5a1d8d72a22560d32c94e32ea79416b27b3c1ae40aebd5279196a3b6debbcaae [none]
[debug] [2023-03-27T23:53:07.943Z] >>> [apiv2][body] POST https://upload-firebasehosting.googleapis.com/upload/sites/astrapredict/versions/de6a81bcd367cbe4/files/5a1d8d72a22560d32c94e32ea79416b27b3c1ae40aebd5279196a3b6debbcaae [stream]
[debug] [2023-03-27T23:53:07.944Z] >>> [apiv2][query] POST https://upload-firebasehosting.googleapis.com/upload/sites/astrapredict/versions/de6a81bcd367cbe4/files/e86c2a266a89ed4fcb10652e01eaaa365e13393f2b48406f7df2a44f38044c57 [none]
[debug] [2023-03-27T23:53:07.944Z] >>> [apiv2][body] POST https://upload-firebasehosting.googleapis.com/upload/sites/astrapredict/versions/de6a81bcd367cbe4/files/e86c2a266a89ed4fcb10652e01eaaa365e13393f2b48406f7df2a44f38044c57 [stream]
[debug] [2023-03-27T23:53:07.945Z] >>> [apiv2][query] POST https://upload-firebasehosting.googleapis.com/upload/sites/astrapredict/versions/de6a81bcd367cbe4/files/4bfc42e6d4afe3e1cfba6319027546f6f4af3fff788a9cbb4fff0f2a1fc1edfc [none]
[debug] [2023-03-27T23:53:07.945Z] >>> [apiv2][body] POST https://upload-firebasehosting.googleapis.com/upload/sites/astrapredict/versions/de6a81bcd367cbe4/files/4bfc42e6d4afe3e1cfba6319027546f6f4af3fff788a9cbb4fff0f2a1fc1edfc [stream]
[debug] [2023-03-27T23:53:07.946Z] >>> [apiv2][query] POST https://upload-firebasehosting.googleapis.com/upload/sites/astrapredict/versions/de6a81bcd367cbe4/files/2e0a08034b9319ecfa1ba3457122a40b5fc64d559ec2dd2c8d512d43a862c7e3 [none]
[debug] [2023-03-27T23:53:07.946Z] >>> [apiv2][body] POST https://upload-firebasehosting.googleapis.com/upload/sites/astrapredict/versions/de6a81bcd367cbe4/files/2e0a08034b9319ecfa1ba3457122a40b5fc64d559ec2dd2c8d512d43a862c7e3 [stream]
[debug] [2023-03-27T23:53:07.947Z] >>> [apiv2][query] POST https://upload-firebasehosting.googleapis.com/upload/sites/astrapredict/versions/de6a81bcd367cbe4/files/46360a90a1bc1ec80bad868148f968484906e38f73f67a6e78b762e63b8aea7d [none]
[debug] [2023-03-27T23:53:07.947Z] >>> [apiv2][body] POST https://upload-firebasehosting.googleapis.com/upload/sites/astrapredict/versions/de6a81bcd367cbe4/files/46360a90a1bc1ec80bad868148f968484906e38f73f67a6e78b762e63b8aea7d [stream]
[debug] [2023-03-27T23:53:07.948Z] >>> [apiv2][query] POST https://upload-firebasehosting.googleapis.com/upload/sites/astrapredict/versions/de6a81bcd367cbe4/files/51d5baf8520e2ff3f228ce99d30ccbc2e926e6c103805c602c2ae7c583a2de86 [none]
[debug] [2023-03-27T23:53:07.948Z] >>> [apiv2][body] POST https://upload-firebasehosting.googleapis.com/upload/sites/astrapredict/versions/de6a81bcd367cbe4/files/51d5baf8520e2ff3f228ce99d30ccbc2e926e6c103805c602c2ae7c583a2de86 [stream]
[debug] [2023-03-27T23:53:07.949Z] >>> [apiv2][query] POST https://upload-firebasehosting.googleapis.com/upload/sites/astrapredict/versions/de6a81bcd367cbe4/files/3a0511dcf08b49f23583a14131a6fc3598d3c11ccd246ece1b5b4ebf9d83adc5 [none]
[debug] [2023-03-27T23:53:07.949Z] >>> [apiv2][body] POST https://upload-firebasehosting.googleapis.com/upload/sites/astrapredict/versions/de6a81bcd367cbe4/files/3a0511dcf08b49f23583a14131a6fc3598d3c11ccd246ece1b5b4ebf9d83adc5 [stream]
[debug] [2023-03-27T23:53:07.949Z] >>> [apiv2][query] POST https://upload-firebasehosting.googleapis.com/upload/sites/astrapredict/versions/de6a81bcd367cbe4/files/5cc72915ab34b8d3a481e267726e89b62beeeed43d53971d24b7d24b2fdbc923 [none]
[debug] [2023-03-27T23:53:07.949Z] >>> [apiv2][body] POST https://upload-firebasehosting.googleapis.com/upload/sites/astrapredict/versions/de6a81bcd367cbe4/files/5cc72915ab34b8d3a481e267726e89b62beeeed43d53971d24b7d24b2fdbc923 [stream]
[debug] [2023-03-27T23:53:07.950Z] >>> [apiv2][query] POST https://upload-firebasehosting.googleapis.com/upload/sites/astrapredict/versions/de6a81bcd367cbe4/files/5425633d99f8d50068e6e8d2a8f489e76097345e99606f9098a3c9ca8f80bea4 [none]
[debug] [2023-03-27T23:53:07.950Z] >>> [apiv2][body] POST https://upload-firebasehosting.googleapis.com/upload/sites/astrapredict/versions/de6a81bcd367cbe4/files/5425633d99f8d50068e6e8d2a8f489e76097345e99606f9098a3c9ca8f80bea4 [stream]
[debug] [2023-03-27T23:53:07.951Z] >>> [apiv2][query] POST https://upload-firebasehosting.googleapis.com/upload/sites/astrapredict/versions/de6a81bcd367cbe4/files/b4a06fd9811231c6d6ced98287819afe56a052f6c5b96a7b5dfca693d7cbcc79 [none]
[debug] [2023-03-27T23:53:07.951Z] >>> [apiv2][body] POST https://upload-firebasehosting.googleapis.com/upload/sites/astrapredict/versions/de6a81bcd367cbe4/files/b4a06fd9811231c6d6ced98287819afe56a052f6c5b96a7b5dfca693d7cbcc79 [stream]
[debug] [2023-03-27T23:53:07.952Z] >>> [apiv2][query] POST https://upload-firebasehosting.googleapis.com/upload/sites/astrapredict/versions/de6a81bcd367cbe4/files/16baa022b508142c7a584a8a51ced1ad33e34fedcc56e0ba7ee5f814e4909cf8 [none]
[debug] [2023-03-27T23:53:07.952Z] >>> [apiv2][body] POST https://upload-firebasehosting.googleapis.com/upload/sites/astrapredict/versions/de6a81bcd367cbe4/files/16baa022b508142c7a584a8a51ced1ad33e34fedcc56e0ba7ee5f814e4909cf8 [stream]
[debug] [2023-03-27T23:53:07.952Z] >>> [apiv2][query] POST https://upload-firebasehosting.googleapis.com/upload/sites/astrapredict/versions/de6a81bcd367cbe4/files/800b7e44a53ab88e5392e7765219640b0a2bcd11d70ce57239ffb2e9a12795bf [none]
[debug] [2023-03-27T23:53:07.952Z] >>> [apiv2][body] POST https://upload-firebasehosting.googleapis.com/upload/sites/astrapredict/versions/de6a81bcd367cbe4/files/800b7e44a53ab88e5392e7765219640b0a2bcd11d70ce57239ffb2e9a12795bf [stream]
[debug] [2023-03-27T23:53:07.953Z] >>> [apiv2][query] POST https://upload-firebasehosting.googleapis.com/upload/sites/astrapredict/versions/de6a81bcd367cbe4/files/6cc78fe1d9d40c38c0bd808dba2ce6995134612a45cb5922f1ceb111830a0c14 [none]
[debug] [2023-03-27T23:53:07.953Z] >>> [apiv2][body] POST https://upload-firebasehosting.googleapis.com/upload/sites/astrapredict/versions/de6a81bcd367cbe4/files/6cc78fe1d9d40c38c0bd808dba2ce6995134612a45cb5922f1ceb111830a0c14 [stream]
[debug] [2023-03-27T23:53:07.953Z] >>> [apiv2][query] POST https://upload-firebasehosting.googleapis.com/upload/sites/astrapredict/versions/de6a81bcd367cbe4/files/a82160ba07ec7e7b84315ae2a0a46ec7b5ddd4de3200c73794190798d4be8adb [none]
[debug] [2023-03-27T23:53:07.953Z] >>> [apiv2][body] POST https://upload-firebasehosting.googleapis.com/upload/sites/astrapredict/versions/de6a81bcd367cbe4/files/a82160ba07ec7e7b84315ae2a0a46ec7b5ddd4de3200c73794190798d4be8adb [stream]
[debug] [2023-03-27T23:53:07.954Z] >>> [apiv2][query] POST https://upload-firebasehosting.googleapis.com/upload/sites/astrapredict/versions/de6a81bcd367cbe4/files/23c5f290cd7c0f8c322f02fe3c2a1df4d55fcd8387309c85bb6fbbf640870101 [none]
[debug] [2023-03-27T23:53:07.954Z] >>> [apiv2][body] POST https://upload-firebasehosting.googleapis.com/upload/sites/astrapredict/versions/de6a81bcd367cbe4/files/23c5f290cd7c0f8c322f02fe3c2a1df4d55fcd8387309c85bb6fbbf640870101 [stream]
[debug] [2023-03-27T23:53:07.954Z] >>> [apiv2][query] POST https://upload-firebasehosting.googleapis.com/upload/sites/astrapredict/versions/de6a81bcd367cbe4/files/5ec880b0226d209a866432841dc5a3ee31b89a94381233d9880fb3fb75ad7d0f [none]
[debug] [2023-03-27T23:53:07.954Z] >>> [apiv2][body] POST https://upload-firebasehosting.googleapis.com/upload/sites/astrapredict/versions/de6a81bcd367cbe4/files/5ec880b0226d209a866432841dc5a3ee31b89a94381233d9880fb3fb75ad7d0f [stream]
[debug] [2023-03-27T23:53:07.955Z] >>> [apiv2][query] POST https://upload-firebasehosting.googleapis.com/upload/sites/astrapredict/versions/de6a81bcd367cbe4/files/1b91e9501ea4c01bb722de730d4d7a431963392fe2767f3acc8e43fd65ea0321 [none]
[debug] [2023-03-27T23:53:07.955Z] >>> [apiv2][body] POST https://upload-firebasehosting.googleapis.com/upload/sites/astrapredict/versions/de6a81bcd367cbe4/files/1b91e9501ea4c01bb722de730d4d7a431963392fe2767f3acc8e43fd65ea0321 [stream]
[debug] [2023-03-27T23:53:07.956Z] >>> [apiv2][query] POST https://upload-firebasehosting.googleapis.com/upload/sites/astrapredict/versions/de6a81bcd367cbe4/files/c0fa16bad6f21f81dc903e211c750274e52bdf58d35440cdf958e7d981a9b87e [none]
[debug] [2023-03-27T23:53:07.956Z] >>> [apiv2][body] POST https://upload-firebasehosting.googleapis.com/upload/sites/astrapredict/versions/de6a81bcd367cbe4/files/c0fa16bad6f21f81dc903e211c750274e52bdf58d35440cdf958e7d981a9b87e [stream]
[debug] [2023-03-27T23:53:07.956Z] >>> [apiv2][query] POST https://upload-firebasehosting.googleapis.com/upload/sites/astrapredict/versions/de6a81bcd367cbe4/files/f007b594c3591e41e71cfa54beb26feabac17e7b5b486b03c8c807c9477e1aeb [none]
[debug] [2023-03-27T23:53:07.956Z] >>> [apiv2][body] POST https://upload-firebasehosting.googleapis.com/upload/sites/astrapredict/versions/de6a81bcd367cbe4/files/f007b594c3591e41e71cfa54beb26feabac17e7b5b486b03c8c807c9477e1aeb [stream]
[debug] [2023-03-27T23:53:07.957Z] >>> [apiv2][query] POST https://upload-firebasehosting.googleapis.com/upload/sites/astrapredict/versions/de6a81bcd367cbe4/files/e3e152f3918f91fbafb3e28c96e1b868538d73793cb0e97c2ca27dace1e0201b [none]
[debug] [2023-03-27T23:53:07.957Z] >>> [apiv2][body] POST https://upload-firebasehosting.googleapis.com/upload/sites/astrapredict/versions/de6a81bcd367cbe4/files/e3e152f3918f91fbafb3e28c96e1b868538d73793cb0e97c2ca27dace1e0201b [stream]
[debug] [2023-03-27T23:53:07.957Z] >>> [apiv2][query] POST https://upload-firebasehosting.googleapis.com/upload/sites/astrapredict/versions/de6a81bcd367cbe4/files/77acdb44033b8b104356ba042fd6790d62418736005c4114c3c90e356f9cf346 [none]
[debug] [2023-03-27T23:53:07.957Z] >>> [apiv2][body] POST https://upload-firebasehosting.googleapis.com/upload/sites/astrapredict/versions/de6a81bcd367cbe4/files/77acdb44033b8b104356ba042fd6790d62418736005c4114c3c90e356f9cf346 [stream]
[debug] [2023-03-27T23:53:07.958Z] >>> [apiv2][query] POST https://upload-firebasehosting.googleapis.com/upload/sites/astrapredict/versions/de6a81bcd367cbe4/files/e828abe71bae4861da895f045e00f23071c810d3f38cf64a4aec7bf7b6f932a1 [none]
[debug] [2023-03-27T23:53:07.958Z] >>> [apiv2][body] POST https://upload-firebasehosting.googleapis.com/upload/sites/astrapredict/versions/de6a81bcd367cbe4/files/e828abe71bae4861da895f045e00f23071c810d3f38cf64a4aec7bf7b6f932a1 [stream]
[debug] [2023-03-27T23:53:07.958Z] >>> [apiv2][query] POST https://upload-firebasehosting.googleapis.com/upload/sites/astrapredict/versions/de6a81bcd367cbe4/files/7342241f90460fa7bc1a1b151d4ea968bd7ab842e9edd09c85f4811c00a5ff44 [none]
[debug] [2023-03-27T23:53:07.958Z] >>> [apiv2][body] POST https://upload-firebasehosting.googleapis.com/upload/sites/astrapredict/versions/de6a81bcd367cbe4/files/7342241f90460fa7bc1a1b151d4ea968bd7ab842e9edd09c85f4811c00a5ff44 [stream]
[debug] [2023-03-27T23:53:07.959Z] >>> [apiv2][query] POST https://upload-firebasehosting.googleapis.com/upload/sites/astrapredict/versions/de6a81bcd367cbe4/files/b7fb545f6ed4c68c1472f0a2aad71eb47745e814b4ab3e2becb738d28f1ec7a6 [none]
[debug] [2023-03-27T23:53:07.959Z] >>> [apiv2][body] POST https://upload-firebasehosting.googleapis.com/upload/sites/astrapredict/versions/de6a81bcd367cbe4/files/b7fb545f6ed4c68c1472f0a2aad71eb47745e814b4ab3e2becb738d28f1ec7a6 [stream]
[debug] [2023-03-27T23:53:07.959Z] >>> [apiv2][query] POST https://upload-firebasehosting.googleapis.com/upload/sites/astrapredict/versions/de6a81bcd367cbe4/files/9e57912cfaf5c991ad7d21e27fd6a3d488217e529738bc4c14d91efe36d4b500 [none]
[debug] [2023-03-27T23:53:07.959Z] >>> [apiv2][body] POST https://upload-firebasehosting.googleapis.com/upload/sites/astrapredict/versions/de6a81bcd367cbe4/files/9e57912cfaf5c991ad7d21e27fd6a3d488217e529738bc4c14d91efe36d4b500 [stream]
[debug] [2023-03-27T23:53:07.960Z] >>> [apiv2][query] POST https://upload-firebasehosting.googleapis.com/upload/sites/astrapredict/versions/de6a81bcd367cbe4/files/38e99df81e7521a4d917d0cd7190093a683d7e7631ec974ed19ce7f19580f589 [none]
[debug] [2023-03-27T23:53:07.960Z] >>> [apiv2][body] POST https://upload-firebasehosting.googleapis.com/upload/sites/astrapredict/versions/de6a81bcd367cbe4/files/38e99df81e7521a4d917d0cd7190093a683d7e7631ec974ed19ce7f19580f589 [stream]
[debug] [2023-03-27T23:53:07.960Z] >>> [apiv2][query] POST https://upload-firebasehosting.googleapis.com/upload/sites/astrapredict/versions/de6a81bcd367cbe4/files/6bd9c5319c3b7c14abaeba38142036dcaeb16a1699b56adfb8759a2bd8447637 [none]
[debug] [2023-03-27T23:53:07.960Z] >>> [apiv2][body] POST https://upload-firebasehosting.googleapis.com/upload/sites/astrapredict/versions/de6a81bcd367cbe4/files/6bd9c5319c3b7c14abaeba38142036dcaeb16a1699b56adfb8759a2bd8447637 [stream]
[debug] [2023-03-27T23:53:07.961Z] >>> [apiv2][query] POST https://upload-firebasehosting.googleapis.com/upload/sites/astrapredict/versions/de6a81bcd367cbe4/files/b9173324186006479379a4e39cec83be3ba301f454eeef6df928fc0aa81814d9 [none]
[debug] [2023-03-27T23:53:07.961Z] >>> [apiv2][body] POST https://upload-firebasehosting.googleapis.com/upload/sites/astrapredict/versions/de6a81bcd367cbe4/files/b9173324186006479379a4e39cec83be3ba301f454eeef6df928fc0aa81814d9 [stream]
[debug] [2023-03-27T23:53:07.961Z] >>> [apiv2][query] POST https://upload-firebasehosting.googleapis.com/upload/sites/astrapredict/versions/de6a81bcd367cbe4/files/26afbd3b472cdd94c97dd9ad2a13af6f2da2031d9a2d9f52cdbc9bead8242829 [none]
[debug] [2023-03-27T23:53:07.961Z] >>> [apiv2][body] POST https://upload-firebasehosting.googleapis.com/upload/sites/astrapredict/versions/de6a81bcd367cbe4/files/26afbd3b472cdd94c97dd9ad2a13af6f2da2031d9a2d9f52cdbc9bead8242829 [stream]
[debug] [2023-03-27T23:53:07.962Z] >>> [apiv2][query] POST https://upload-firebasehosting.googleapis.com/upload/sites/astrapredict/versions/de6a81bcd367cbe4/files/2d31cc757ff7fd8530dd684231290e49dc2687c7380320f7eee7b1a8b64d33a2 [none]
[debug] [2023-03-27T23:53:07.962Z] >>> [apiv2][body] POST https://upload-firebasehosting.googleapis.com/upload/sites/astrapredict/versions/de6a81bcd367cbe4/files/2d31cc757ff7fd8530dd684231290e49dc2687c7380320f7eee7b1a8b64d33a2 [stream]
[debug] [2023-03-27T23:53:07.962Z] >>> [apiv2][query] POST https://upload-firebasehosting.googleapis.com/upload/sites/astrapredict/versions/de6a81bcd367cbe4/files/dca56043cea0deb58009f777a21b8df3bf35efe38ef57981840dc335ef676330 [none]
[debug] [2023-03-27T23:53:07.962Z] >>> [apiv2][body] POST https://upload-firebasehosting.googleapis.com/upload/sites/astrapredict/versions/de6a81bcd367cbe4/files/dca56043cea0deb58009f777a21b8df3bf35efe38ef57981840dc335ef676330 [stream]
[debug] [2023-03-27T23:53:07.963Z] >>> [apiv2][query] POST https://upload-firebasehosting.googleapis.com/upload/sites/astrapredict/versions/de6a81bcd367cbe4/files/6ac4b68283ac0f5639401bcf6975337e0de822e508f2ec48a85acb8084ebdf67 [none]
[debug] [2023-03-27T23:53:07.963Z] >>> [apiv2][body] POST https://upload-firebasehosting.googleapis.com/upload/sites/astrapredict/versions/de6a81bcd367cbe4/files/6ac4b68283ac0f5639401bcf6975337e0de822e508f2ec48a85acb8084ebdf67 [stream]
[debug] [2023-03-27T23:53:07.963Z] >>> [apiv2][query] POST https://upload-firebasehosting.googleapis.com/upload/sites/astrapredict/versions/de6a81bcd367cbe4/files/fdd3c4a9af87d96ae422a092a0e168963d2fedb9a7109f2ca066bb18464f7057 [none]
[debug] [2023-03-27T23:53:07.963Z] >>> [apiv2][body] POST https://upload-firebasehosting.googleapis.com/upload/sites/astrapredict/versions/de6a81bcd367cbe4/files/fdd3c4a9af87d96ae422a092a0e168963d2fedb9a7109f2ca066bb18464f7057 [stream]
[debug] [2023-03-27T23:53:07.964Z] >>> [apiv2][query] POST https://upload-firebasehosting.googleapis.com/upload/sites/astrapredict/versions/de6a81bcd367cbe4/files/95dd258dba03b63f9e3720df4ab912b5fe1be5200634e796be275c83399a94df [none]
[debug] [2023-03-27T23:53:07.964Z] >>> [apiv2][body] POST https://upload-firebasehosting.googleapis.com/upload/sites/astrapredict/versions/de6a81bcd367cbe4/files/95dd258dba03b63f9e3720df4ab912b5fe1be5200634e796be275c83399a94df [stream]
[debug] [2023-03-27T23:53:07.964Z] >>> [apiv2][query] POST https://upload-firebasehosting.googleapis.com/upload/sites/astrapredict/versions/de6a81bcd367cbe4/files/9c85307242d90e8296de293ddfb766e3c02867ebf2cee36df703364409431caf [none]
[debug] [2023-03-27T23:53:07.964Z] >>> [apiv2][body] POST https://upload-firebasehosting.googleapis.com/upload/sites/astrapredict/versions/de6a81bcd367cbe4/files/9c85307242d90e8296de293ddfb766e3c02867ebf2cee36df703364409431caf [stream]
[debug] [2023-03-27T23:53:07.964Z] >>> [apiv2][query] POST https://upload-firebasehosting.googleapis.com/upload/sites/astrapredict/versions/de6a81bcd367cbe4/files/29d642d402e3f02300e1193c5c139ab0fc914f9422c0b061b9f4d9d7f76f224f [none]
[debug] [2023-03-27T23:53:07.964Z] >>> [apiv2][body] POST https://upload-firebasehosting.googleapis.com/upload/sites/astrapredict/versions/de6a81bcd367cbe4/files/29d642d402e3f02300e1193c5c139ab0fc914f9422c0b061b9f4d9d7f76f224f [stream]
[debug] [2023-03-27T23:53:07.965Z] >>> [apiv2][query] POST https://upload-firebasehosting.googleapis.com/upload/sites/astrapredict/versions/de6a81bcd367cbe4/files/b8634a1adba31a556081895be29edf123406632de23005d655cbd3ce38d77c03 [none]
[debug] [2023-03-27T23:53:07.965Z] >>> [apiv2][body] POST https://upload-firebasehosting.googleapis.com/upload/sites/astrapredict/versions/de6a81bcd367cbe4/files/b8634a1adba31a556081895be29edf123406632de23005d655cbd3ce38d77c03 [stream]
[debug] [2023-03-27T23:53:07.965Z] >>> [apiv2][query] POST https://upload-firebasehosting.googleapis.com/upload/sites/astrapredict/versions/de6a81bcd367cbe4/files/0ffb36b396665bacd281577264e86ae704b55a56f3defedb00823a8807f83193 [none]
[debug] [2023-03-27T23:53:07.965Z] >>> [apiv2][body] POST https://upload-firebasehosting.googleapis.com/upload/sites/astrapredict/versions/de6a81bcd367cbe4/files/0ffb36b396665bacd281577264e86ae704b55a56f3defedb00823a8807f83193 [stream]
[debug] [2023-03-27T23:53:07.966Z] >>> [apiv2][query] POST https://upload-firebasehosting.googleapis.com/upload/sites/astrapredict/versions/de6a81bcd367cbe4/files/4f895000fc64c9ec5c3c6ea5cbb6d38e4fd217ca13fe2f052bdf1f274055d53f [none]
[debug] [2023-03-27T23:53:07.966Z] >>> [apiv2][body] POST https://upload-firebasehosting.googleapis.com/upload/sites/astrapredict/versions/de6a81bcd367cbe4/files/4f895000fc64c9ec5c3c6ea5cbb6d38e4fd217ca13fe2f052bdf1f274055d53f [stream]
[debug] [2023-03-27T23:53:07.966Z] [hosting][populate queue][FINAL] {"max":576,"min":576,"avg":576,"active":0,"complete":1,"success":1,"errored":0,"retried":0,"total":1,"elapsed":611}
[debug] [2023-03-27T23:53:07.966Z] [hosting] uploads queued: 48
[debug] [2023-03-27T23:53:09.333Z] <<< [apiv2][status] POST https://upload-firebasehosting.googleapis.com/upload/sites/astrapredict/versions/de6a81bcd367cbe4/files/6bd9c5319c3b7c14abaeba38142036dcaeb16a1699b56adfb8759a2bd8447637 200
[debug] [2023-03-27T23:53:09.333Z] <<< [apiv2][body] POST https://upload-firebasehosting.googleapis.com/upload/sites/astrapredict/versions/de6a81bcd367cbe4/files/6bd9c5319c3b7c14abaeba38142036dcaeb16a1699b56adfb8759a2bd8447637 [stream]
[debug] [2023-03-27T23:53:09.447Z] <<< [apiv2][status] POST https://upload-firebasehosting.googleapis.com/upload/sites/astrapredict/versions/de6a81bcd367cbe4/files/800b7e44a53ab88e5392e7765219640b0a2bcd11d70ce57239ffb2e9a12795bf 200
[debug] [2023-03-27T23:53:09.447Z] <<< [apiv2][body] POST https://upload-firebasehosting.googleapis.com/upload/sites/astrapredict/versions/de6a81bcd367cbe4/files/800b7e44a53ab88e5392e7765219640b0a2bcd11d70ce57239ffb2e9a12795bf [stream]
[debug] [2023-03-27T23:53:14.191Z] <<< [apiv2][status] POST https://upload-firebasehosting.googleapis.com/upload/sites/astrapredict/versions/de6a81bcd367cbe4/files/4bfc42e6d4afe3e1cfba6319027546f6f4af3fff788a9cbb4fff0f2a1fc1edfc 200
[debug] [2023-03-27T23:53:14.192Z] <<< [apiv2][body] POST https://upload-firebasehosting.googleapis.com/upload/sites/astrapredict/versions/de6a81bcd367cbe4/files/4bfc42e6d4afe3e1cfba6319027546f6f4af3fff788a9cbb4fff0f2a1fc1edfc [stream]
[debug] [2023-03-27T23:53:42.115Z] [uploadQueue] Retrying task 23c5f290cd7c0f8c322f02fe3c2a1df4d55fcd8387309c85bb6fbbf640870101
[debug] [2023-03-27T23:53:42.116Z] >>> [apiv2][query] POST https://upload-firebasehosting.googleapis.com/upload/sites/astrapredict/versions/de6a81bcd367cbe4/files/23c5f290cd7c0f8c322f02fe3c2a1df4d55fcd8387309c85bb6fbbf640870101 [none]
[debug] [2023-03-27T23:53:42.116Z] >>> [apiv2][body] POST https://upload-firebasehosting.googleapis.com/upload/sites/astrapredict/versions/de6a81bcd367cbe4/files/23c5f290cd7c0f8c322f02fe3c2a1df4d55fcd8387309c85bb6fbbf640870101 [stream]
[debug] [2023-03-27T23:53:43.353Z] [uploadQueue] Retrying task 77acdb44033b8b104356ba042fd6790d62418736005c4114c3c90e356f9cf346
[debug] [2023-03-27T23:53:43.355Z] >>> [apiv2][query] POST https://upload-firebasehosting.googleapis.com/upload/sites/astrapredict/versions/de6a81bcd367cbe4/files/77acdb44033b8b104356ba042fd6790d62418736005c4114c3c90e356f9cf346 [none]
[debug] [2023-03-27T23:53:43.355Z] >>> [apiv2][body] POST https://upload-firebasehosting.googleapis.com/upload/sites/astrapredict/versions/de6a81bcd367cbe4/files/77acdb44033b8b104356ba042fd6790d62418736005c4114c3c90e356f9cf346 [stream]
[debug] [2023-03-27T23:53:43.833Z] [uploadQueue] Retrying task 9e57912cfaf5c991ad7d21e27fd6a3d488217e529738bc4c14d91efe36d4b500
[debug] [2023-03-27T23:53:43.834Z] >>> [apiv2][query] POST https://upload-firebasehosting.googleapis.com/upload/sites/astrapredict/versions/de6a81bcd367cbe4/files/9e57912cfaf5c991ad7d21e27fd6a3d488217e529738bc4c14d91efe36d4b500 [none]
[debug] [2023-03-27T23:53:43.835Z] >>> [apiv2][body] POST https://upload-firebasehosting.googleapis.com/upload/sites/astrapredict/versions/de6a81bcd367cbe4/files/9e57912cfaf5c991ad7d21e27fd6a3d488217e529738bc4c14d91efe36d4b500 [stream]
[debug] [2023-03-27T23:53:43.953Z] [uploadQueue] Retrying task e3e152f3918f91fbafb3e28c96e1b868538d73793cb0e97c2ca27dace1e0201b
[debug] [2023-03-27T23:53:43.954Z] >>> [apiv2][query] POST https://upload-firebasehosting.googleapis.com/upload/sites/astrapredict/versions/de6a81bcd367cbe4/files/e3e152f3918f91fbafb3e28c96e1b868538d73793cb0e97c2ca27dace1e0201b [none]
[debug] [2023-03-27T23:53:43.954Z] >>> [apiv2][body] POST https://upload-firebasehosting.googleapis.com/upload/sites/astrapredict/versions/de6a81bcd367cbe4/files/e3e152f3918f91fbafb3e28c96e1b868538d73793cb0e97c2ca27dace1e0201b [stream]
[debug] [2023-03-27T23:53:44.274Z] [uploadQueue] Retrying task fdd3c4a9af87d96ae422a092a0e168963d2fedb9a7109f2ca066bb18464f7057
[debug] [2023-03-27T23:53:44.276Z] >>> [apiv2][query] POST https://upload-firebasehosting.googleapis.com/upload/sites/astrapredict/versions/de6a81bcd367cbe4/files/fdd3c4a9af87d96ae422a092a0e168963d2fedb9a7109f2ca066bb18464f7057 [none]
[debug] [2023-03-27T23:53:44.276Z] >>> [apiv2][body] POST https://upload-firebasehosting.googleapis.com/upload/sites/astrapredict/versions/de6a81bcd367cbe4/files/fdd3c4a9af87d96ae422a092a0e168963d2fedb9a7109f2ca066bb18464f7057 [stream]
[debug] [2023-03-27T23:53:44.289Z] [uploadQueue] Retrying task 5cc72915ab34b8d3a481e267726e89b62beeeed43d53971d24b7d24b2fdbc923
[debug] [2023-03-27T23:53:44.290Z] >>> [apiv2][query] POST https://upload-firebasehosting.googleapis.com/upload/sites/astrapredict/versions/de6a81bcd367cbe4/files/5cc72915ab34b8d3a481e267726e89b62beeeed43d53971d24b7d24b2fdbc923 [none]
[debug] [2023-03-27T23:53:44.290Z] >>> [apiv2][body] POST https://upload-firebasehosting.googleapis.com/upload/sites/astrapredict/versions/de6a81bcd367cbe4/files/5cc72915ab34b8d3a481e267726e89b62beeeed43d53971d24b7d24b2fdbc923 [stream]
[debug] [2023-03-27T23:53:44.427Z] [uploadQueue] Retrying task 453edecb5aee0f06b9b6767e307dbf764b20ef83bb51509496538481ca32a888
[debug] [2023-03-27T23:53:44.428Z] >>> [apiv2][query] POST https://upload-firebasehosting.googleapis.com/upload/sites/astrapredict/versions/de6a81bcd367cbe4/files/453edecb5aee0f06b9b6767e307dbf764b20ef83bb51509496538481ca32a888 [none]
[debug] [2023-03-27T23:53:44.428Z] >>> [apiv2][body] POST https://upload-firebasehosting.googleapis.com/upload/sites/astrapredict/versions/de6a81bcd367cbe4/files/453edecb5aee0f06b9b6767e307dbf764b20ef83bb51509496538481ca32a888 [stream]
[debug] [2023-03-27T23:53:45.212Z] [uploadQueue] Retrying task c0fa16bad6f21f81dc903e211c750274e52bdf58d35440cdf958e7d981a9b87e
[debug] [2023-03-27T23:53:45.214Z] >>> [apiv2][query] POST https://upload-firebasehosting.googleapis.com/upload/sites/astrapredict/versions/de6a81bcd367cbe4/files/c0fa16bad6f21f81dc903e211c750274e52bdf58d35440cdf958e7d981a9b87e [none]
[debug] [2023-03-27T23:53:45.214Z] >>> [apiv2][body] POST https://upload-firebasehosting.googleapis.com/upload/sites/astrapredict/versions/de6a81bcd367cbe4/files/c0fa16bad6f21f81dc903e211c750274e52bdf58d35440cdf958e7d981a9b87e [stream]
[debug] [2023-03-27T23:53:45.394Z] [uploadQueue] Retrying task dca56043cea0deb58009f777a21b8df3bf35efe38ef57981840dc335ef676330
[debug] [2023-03-27T23:53:45.394Z] >>> [apiv2][query] POST https://upload-firebasehosting.googleapis.com/upload/sites/astrapredict/versions/de6a81bcd367cbe4/files/dca56043cea0deb58009f777a21b8df3bf35efe38ef57981840dc335ef676330 [none]
[debug] [2023-03-27T23:53:45.394Z] >>> [apiv2][body] POST https://upload-firebasehosting.googleapis.com/upload/sites/astrapredict/versions/de6a81bcd367cbe4/files/dca56043cea0deb58009f777a21b8df3bf35efe38ef57981840dc335ef676330 [stream]
[debug] [2023-03-27T23:53:45.873Z] [uploadQueue] Retrying task 26afbd3b472cdd94c97dd9ad2a13af6f2da2031d9a2d9f52cdbc9bead8242829
[debug] [2023-03-27T23:53:45.874Z] >>> [apiv2][query] POST https://upload-firebasehosting.googleapis.com/upload/sites/astrapredict/versions/de6a81bcd367cbe4/files/26afbd3b472cdd94c97dd9ad2a13af6f2da2031d9a2d9f52cdbc9bead8242829 [none]
[debug] [2023-03-27T23:53:45.874Z] >>> [apiv2][body] POST https://upload-firebasehosting.googleapis.com/upload/sites/astrapredict/versions/de6a81bcd367cbe4/files/26afbd3b472cdd94c97dd9ad2a13af6f2da2031d9a2d9f52cdbc9bead8242829 [stream]
[debug] [2023-03-27T23:53:46.171Z] [uploadQueue] Retrying task 51d5baf8520e2ff3f228ce99d30ccbc2e926e6c103805c602c2ae7c583a2de86
[debug] [2023-03-27T23:53:46.172Z] >>> [apiv2][query] POST https://upload-firebasehosting.googleapis.com/upload/sites/astrapredict/versions/de6a81bcd367cbe4/files/51d5baf8520e2ff3f228ce99d30ccbc2e926e6c103805c602c2ae7c583a2de86 [none]
[debug] [2023-03-27T23:53:46.173Z] >>> [apiv2][body] POST https://upload-firebasehosting.googleapis.com/upload/sites/astrapredict/versions/de6a81bcd367cbe4/files/51d5baf8520e2ff3f228ce99d30ccbc2e926e6c103805c602c2ae7c583a2de86 [stream]
[debug] [2023-03-27T23:53:46.707Z] [uploadQueue] Retrying task 3bb22184cc6203312254eb810c9eed06cab413af1a02cdb4a46d20213f86da95
[debug] [2023-03-27T23:53:46.708Z] >>> [apiv2][query] POST https://upload-firebasehosting.googleapis.com/upload/sites/astrapredict/versions/de6a81bcd367cbe4/files/3bb22184cc6203312254eb810c9eed06cab413af1a02cdb4a46d20213f86da95 [none]
[debug] [2023-03-27T23:53:46.709Z] >>> [apiv2][body] POST https://upload-firebasehosting.googleapis.com/upload/sites/astrapredict/versions/de6a81bcd367cbe4/files/3bb22184cc6203312254eb810c9eed06cab413af1a02cdb4a46d20213f86da95 [stream]
[debug] [2023-03-27T23:53:47.790Z] [uploadQueue] Retrying task 5425633d99f8d50068e6e8d2a8f489e76097345e99606f9098a3c9ca8f80bea4
[debug] [2023-03-27T23:53:47.791Z] >>> [apiv2][query] POST https://upload-firebasehosting.googleapis.com/upload/sites/astrapredict/versions/de6a81bcd367cbe4/files/5425633d99f8d50068e6e8d2a8f489e76097345e99606f9098a3c9ca8f80bea4 [none]
[debug] [2023-03-27T23:53:47.791Z] >>> [apiv2][body] POST https://upload-firebasehosting.googleapis.com/upload/sites/astrapredict/versions/de6a81bcd367cbe4/files/5425633d99f8d50068e6e8d2a8f489e76097345e99606f9098a3c9ca8f80bea4 [stream]
[debug] [2023-03-27T23:53:48.272Z] [uploadQueue] Retrying task f007b594c3591e41e71cfa54beb26feabac17e7b5b486b03c8c807c9477e1aeb
[debug] [2023-03-27T23:53:48.274Z] >>> [apiv2][query] POST https://upload-firebasehosting.googleapis.com/upload/sites/astrapredict/versions/de6a81bcd367cbe4/files/f007b594c3591e41e71cfa54beb26feabac17e7b5b486b03c8c807c9477e1aeb [none]
[debug] [2023-03-27T23:53:48.274Z] >>> [apiv2][body] POST https://upload-firebasehosting.googleapis.com/upload/sites/astrapredict/versions/de6a81bcd367cbe4/files/f007b594c3591e41e71cfa54beb26feabac17e7b5b486b03c8c807c9477e1aeb [stream]
[debug] [2023-03-27T23:53:48.528Z] [uploadQueue] Retrying task a7e0e8bb776a1728baf56b405b5057e18733bdb747011230a06c15bc19002d8c
[debug] [2023-03-27T23:53:48.530Z] >>> [apiv2][query] POST https://upload-firebasehosting.googleapis.com/upload/sites/astrapredict/versions/de6a81bcd367cbe4/files/a7e0e8bb776a1728baf56b405b5057e18733bdb747011230a06c15bc19002d8c [none]
[debug] [2023-03-27T23:53:48.530Z] >>> [apiv2][body] POST https://upload-firebasehosting.googleapis.com/upload/sites/astrapredict/versions/de6a81bcd367cbe4/files/a7e0e8bb776a1728baf56b405b5057e18733bdb747011230a06c15bc19002d8c [stream]
[debug] [2023-03-27T23:53:48.730Z] [uploadQueue] Retrying task 46360a90a1bc1ec80bad868148f968484906e38f73f67a6e78b762e63b8aea7d
[debug] [2023-03-27T23:53:48.731Z] >>> [apiv2][query] POST https://upload-firebasehosting.googleapis.com/upload/sites/astrapredict/versions/de6a81bcd367cbe4/files/46360a90a1bc1ec80bad868148f968484906e38f73f67a6e78b762e63b8aea7d [none]
[debug] [2023-03-27T23:53:48.731Z] >>> [apiv2][body] POST https://upload-firebasehosting.googleapis.com/upload/sites/astrapredict/versions/de6a81bcd367cbe4/files/46360a90a1bc1ec80bad868148f968484906e38f73f67a6e78b762e63b8aea7d [stream]
[debug] [2023-03-27T23:53:48.788Z] [uploadQueue] Retrying task b2ae063f7330e16347214d3974631afa910a6fa3e61547194e1270c910440727
[debug] [2023-03-27T23:53:48.789Z] >>> [apiv2][query] POST https://upload-firebasehosting.googleapis.com/upload/sites/astrapredict/versions/de6a81bcd367cbe4/files/b2ae063f7330e16347214d3974631afa910a6fa3e61547194e1270c910440727 [none]
[debug] [2023-03-27T23:53:48.789Z] >>> [apiv2][body] POST https://upload-firebasehosting.googleapis.com/upload/sites/astrapredict/versions/de6a81bcd367cbe4/files/b2ae063f7330e16347214d3974631afa910a6fa3e61547194e1270c910440727 [stream]
[debug] [2023-03-27T23:53:49.374Z] [uploadQueue] Retrying task b8634a1adba31a556081895be29edf123406632de23005d655cbd3ce38d77c03
[debug] [2023-03-27T23:53:49.375Z] >>> [apiv2][query] POST https://upload-firebasehosting.googleapis.com/upload/sites/astrapredict/versions/de6a81bcd367cbe4/files/b8634a1adba31a556081895be29edf123406632de23005d655cbd3ce38d77c03 [none]
[debug] [2023-03-27T23:53:49.376Z] >>> [apiv2][body] POST https://upload-firebasehosting.googleapis.com/upload/sites/astrapredict/versions/de6a81bcd367cbe4/files/b8634a1adba31a556081895be29edf123406632de23005d655cbd3ce38d77c03 [stream]
[debug] [2023-03-27T23:53:49.453Z] [uploadQueue] Retrying task 0ffb36b396665bacd281577264e86ae704b55a56f3defedb00823a8807f83193
[debug] [2023-03-27T23:53:49.455Z] >>> [apiv2][query] POST https://upload-firebasehosting.googleapis.com/upload/sites/astrapredict/versions/de6a81bcd367cbe4/files/0ffb36b396665bacd281577264e86ae704b55a56f3defedb00823a8807f83193 [none]
[debug] [2023-03-27T23:53:49.455Z] >>> [apiv2][body] POST https://upload-firebasehosting.googleapis.com/upload/sites/astrapredict/versions/de6a81bcd367cbe4/files/0ffb36b396665bacd281577264e86ae704b55a56f3defedb00823a8807f83193 [stream]
[debug] [2023-03-27T23:53:49.512Z] [uploadQueue] Retrying task 1b91e9501ea4c01bb722de730d4d7a431963392fe2767f3acc8e43fd65ea0321
[debug] [2023-03-27T23:53:49.512Z] >>> [apiv2][query] POST https://upload-firebasehosting.googleapis.com/upload/sites/astrapredict/versions/de6a81bcd367cbe4/files/1b91e9501ea4c01bb722de730d4d7a431963392fe2767f3acc8e43fd65ea0321 [none]
[debug] [2023-03-27T23:53:49.512Z] >>> [apiv2][body] POST https://upload-firebasehosting.googleapis.com/upload/sites/astrapredict/versions/de6a81bcd367cbe4/files/1b91e9501ea4c01bb722de730d4d7a431963392fe2767f3acc8e43fd65ea0321 [stream]
[debug] [2023-03-27T23:53:49.634Z] [uploadQueue] Retrying task 6ac4b68283ac0f5639401bcf6975337e0de822e508f2ec48a85acb8084ebdf67
[debug] [2023-03-27T23:53:49.635Z] >>> [apiv2][query] POST https://upload-firebasehosting.googleapis.com/upload/sites/astrapredict/versions/de6a81bcd367cbe4/files/6ac4b68283ac0f5639401bcf6975337e0de822e508f2ec48a85acb8084ebdf67 [none]
[debug] [2023-03-27T23:53:49.635Z] >>> [apiv2][body] POST https://upload-firebasehosting.googleapis.com/upload/sites/astrapredict/versions/de6a81bcd367cbe4/files/6ac4b68283ac0f5639401bcf6975337e0de822e508f2ec48a85acb8084ebdf67 [stream]
[debug] [2023-03-27T23:53:49.905Z] [uploadQueue] Retrying task 056aaf6e415fc6f52cffcc4b6f28a1bebefdede9fe6299b33d77e49371d3c84d
[debug] [2023-03-27T23:53:49.906Z] >>> [apiv2][query] POST https://upload-firebasehosting.googleapis.com/upload/sites/astrapredict/versions/de6a81bcd367cbe4/files/056aaf6e415fc6f52cffcc4b6f28a1bebefdede9fe6299b33d77e49371d3c84d [none]
[debug] [2023-03-27T23:53:49.906Z] >>> [apiv2][body] POST https://upload-firebasehosting.googleapis.com/upload/sites/astrapredict/versions/de6a81bcd367cbe4/files/056aaf6e415fc6f52cffcc4b6f28a1bebefdede9fe6299b33d77e49371d3c84d [stream]
[debug] [2023-03-27T23:53:50.028Z] [uploadQueue] Retrying task e86c2a266a89ed4fcb10652e01eaaa365e13393f2b48406f7df2a44f38044c57
[debug] [2023-03-27T23:53:50.029Z] >>> [apiv2][query] POST https://upload-firebasehosting.googleapis.com/upload/sites/astrapredict/versions/de6a81bcd367cbe4/files/e86c2a266a89ed4fcb10652e01eaaa365e13393f2b48406f7df2a44f38044c57 [none]
[debug] [2023-03-27T23:53:50.029Z] >>> [apiv2][body] POST https://upload-firebasehosting.googleapis.com/upload/sites/astrapredict/versions/de6a81bcd367cbe4/files/e86c2a266a89ed4fcb10652e01eaaa365e13393f2b48406f7df2a44f38044c57 [stream]
[debug] [2023-03-27T23:53:50.451Z] [uploadQueue] Retrying task 3a0511dcf08b49f23583a14131a6fc3598d3c11ccd246ece1b5b4ebf9d83adc5
[debug] [2023-03-27T23:53:50.452Z] >>> [apiv2][query] POST https://upload-firebasehosting.googleapis.com/upload/sites/astrapredict/versions/de6a81bcd367cbe4/files/3a0511dcf08b49f23583a14131a6fc3598d3c11ccd246ece1b5b4ebf9d83adc5 [none]
[debug] [2023-03-27T23:53:50.453Z] >>> [apiv2][body] POST https://upload-firebasehosting.googleapis.com/upload/sites/astrapredict/versions/de6a81bcd367cbe4/files/3a0511dcf08b49f23583a14131a6fc3598d3c11ccd246ece1b5b4ebf9d83adc5 [stream]
[debug] [2023-03-27T23:53:50.693Z] [uploadQueue] Retrying task 95dd258dba03b63f9e3720df4ab912b5fe1be5200634e796be275c83399a94df
[debug] [2023-03-27T23:53:50.694Z] >>> [apiv2][query] POST https://upload-firebasehosting.googleapis.com/upload/sites/astrapredict/versions/de6a81bcd367cbe4/files/95dd258dba03b63f9e3720df4ab912b5fe1be5200634e796be275c83399a94df [none]
[debug] [2023-03-27T23:53:50.694Z] >>> [apiv2][body] POST https://upload-firebasehosting.googleapis.com/upload/sites/astrapredict/versions/de6a81bcd367cbe4/files/95dd258dba03b63f9e3720df4ab912b5fe1be5200634e796be275c83399a94df [stream]
[debug] [2023-03-27T23:53:50.807Z] [uploadQueue] Retrying task b6e9e3fd6f48704a6eadf4522cc5515cd17b8e25e712687d40b52961ce8db964
[debug] [2023-03-27T23:53:50.808Z] >>> [apiv2][query] POST https://upload-firebasehosting.googleapis.com/upload/sites/astrapredict/versions/de6a81bcd367cbe4/files/b6e9e3fd6f48704a6eadf4522cc5515cd17b8e25e712687d40b52961ce8db964 [none]
[debug] [2023-03-27T23:53:50.808Z] >>> [apiv2][body] POST https://upload-firebasehosting.googleapis.com/upload/sites/astrapredict/versions/de6a81bcd367cbe4/files/b6e9e3fd6f48704a6eadf4522cc5515cd17b8e25e712687d40b52961ce8db964 [stream]
[debug] [2023-03-27T23:53:50.853Z] [uploadQueue] Retrying task e828abe71bae4861da895f045e00f23071c810d3f38cf64a4aec7bf7b6f932a1
[debug] [2023-03-27T23:53:50.854Z] >>> [apiv2][query] POST https://upload-firebasehosting.googleapis.com/upload/sites/astrapredict/versions/de6a81bcd367cbe4/files/e828abe71bae4861da895f045e00f23071c810d3f38cf64a4aec7bf7b6f932a1 [none]
[debug] [2023-03-27T23:53:50.854Z] >>> [apiv2][body] POST https://upload-firebasehosting.googleapis.com/upload/sites/astrapredict/versions/de6a81bcd367cbe4/files/e828abe71bae4861da895f045e00f23071c810d3f38cf64a4aec7bf7b6f932a1 [stream]
[debug] [2023-03-27T23:53:50.991Z] [uploadQueue] Retrying task a82160ba07ec7e7b84315ae2a0a46ec7b5ddd4de3200c73794190798d4be8adb
[debug] [2023-03-27T23:53:50.992Z] >>> [apiv2][query] POST https://upload-firebasehosting.googleapis.com/upload/sites/astrapredict/versions/de6a81bcd367cbe4/files/a82160ba07ec7e7b84315ae2a0a46ec7b5ddd4de3200c73794190798d4be8adb [none]
[debug] [2023-03-27T23:53:50.992Z] >>> [apiv2][body] POST https://upload-firebasehosting.googleapis.com/upload/sites/astrapredict/versions/de6a81bcd367cbe4/files/a82160ba07ec7e7b84315ae2a0a46ec7b5ddd4de3200c73794190798d4be8adb [stream]
[debug] [2023-03-27T23:53:51.169Z] [uploadQueue] Retrying task 6a2ecf05b4d7c9db12584649346c48792989a6a8b1d409e72fbb9f07917f5d44
[debug] [2023-03-27T23:53:51.169Z] >>> [apiv2][query] POST https://upload-firebasehosting.googleapis.com/upload/sites/astrapredict/versions/de6a81bcd367cbe4/files/6a2ecf05b4d7c9db12584649346c48792989a6a8b1d409e72fbb9f07917f5d44 [none]
[debug] [2023-03-27T23:53:51.170Z] >>> [apiv2][body] POST https://upload-firebasehosting.googleapis.com/upload/sites/astrapredict/versions/de6a81bcd367cbe4/files/6a2ecf05b4d7c9db12584649346c48792989a6a8b1d409e72fbb9f07917f5d44 [stream]
[debug] [2023-03-27T23:53:51.510Z] [uploadQueue] Retrying task 5a1d8d72a22560d32c94e32ea79416b27b3c1ae40aebd5279196a3b6debbcaae
[debug] [2023-03-27T23:53:51.511Z] >>> [apiv2][query] POST https://upload-firebasehosting.googleapis.com/upload/sites/astrapredict/versions/de6a81bcd367cbe4/files/5a1d8d72a22560d32c94e32ea79416b27b3c1ae40aebd5279196a3b6debbcaae [none]
[debug] [2023-03-27T23:53:51.511Z] >>> [apiv2][body] POST https://upload-firebasehosting.googleapis.com/upload/sites/astrapredict/versions/de6a81bcd367cbe4/files/5a1d8d72a22560d32c94e32ea79416b27b3c1ae40aebd5279196a3b6debbcaae [stream]
[debug] [2023-03-27T23:53:51.613Z] [uploadQueue] Retrying task 9c85307242d90e8296de293ddfb766e3c02867ebf2cee36df703364409431caf
[debug] [2023-03-27T23:53:51.615Z] >>> [apiv2][query] POST https://upload-firebasehosting.googleapis.com/upload/sites/astrapredict/versions/de6a81bcd367cbe4/files/9c85307242d90e8296de293ddfb766e3c02867ebf2cee36df703364409431caf [none]
[debug] [2023-03-27T23:53:51.615Z] >>> [apiv2][body] POST https://upload-firebasehosting.googleapis.com/upload/sites/astrapredict/versions/de6a81bcd367cbe4/files/9c85307242d90e8296de293ddfb766e3c02867ebf2cee36df703364409431caf [stream]
[debug] [2023-03-27T23:53:51.750Z] [uploadQueue] Retrying task 6cc78fe1d9d40c38c0bd808dba2ce6995134612a45cb5922f1ceb111830a0c14
[debug] [2023-03-27T23:53:51.752Z] >>> [apiv2][query] POST https://upload-firebasehosting.googleapis.com/upload/sites/astrapredict/versions/de6a81bcd367cbe4/files/6cc78fe1d9d40c38c0bd808dba2ce6995134612a45cb5922f1ceb111830a0c14 [none]
[debug] [2023-03-27T23:53:51.752Z] >>> [apiv2][body] POST https://upload-firebasehosting.googleapis.com/upload/sites/astrapredict/versions/de6a81bcd367cbe4/files/6cc78fe1d9d40c38c0bd808dba2ce6995134612a45cb5922f1ceb111830a0c14 [stream]
[debug] [2023-03-27T23:53:52.008Z] [uploadQueue] Retrying task ad9aaadcdded620c39d7807b72790a57e89e8951a8e555174954a49892cb6f74
[debug] [2023-03-27T23:53:52.009Z] >>> [apiv2][query] POST https://upload-firebasehosting.googleapis.com/upload/sites/astrapredict/versions/de6a81bcd367cbe4/files/ad9aaadcdded620c39d7807b72790a57e89e8951a8e555174954a49892cb6f74 [none]
[debug] [2023-03-27T23:53:52.009Z] >>> [apiv2][body] POST https://upload-firebasehosting.googleapis.com/upload/sites/astrapredict/versions/de6a81bcd367cbe4/files/ad9aaadcdded620c39d7807b72790a57e89e8951a8e555174954a49892cb6f74 [stream]
[debug] [2023-03-27T23:53:52.072Z] [uploadQueue] Retrying task 38e99df81e7521a4d917d0cd7190093a683d7e7631ec974ed19ce7f19580f589
[debug] [2023-03-27T23:53:52.072Z] >>> [apiv2][query] POST https://upload-firebasehosting.googleapis.com/upload/sites/astrapredict/versions/de6a81bcd367cbe4/files/38e99df81e7521a4d917d0cd7190093a683d7e7631ec974ed19ce7f19580f589 [none]
[debug] [2023-03-27T23:53:52.072Z] >>> [apiv2][body] POST https://upload-firebasehosting.googleapis.com/upload/sites/astrapredict/versions/de6a81bcd367cbe4/files/38e99df81e7521a4d917d0cd7190093a683d7e7631ec974ed19ce7f19580f589 [stream]
[debug] [2023-03-27T23:53:52.572Z] [uploadQueue] Retrying task 4f895000fc64c9ec5c3c6ea5cbb6d38e4fd217ca13fe2f052bdf1f274055d53f
[debug] [2023-03-27T23:53:52.573Z] >>> [apiv2][query] POST https://upload-firebasehosting.googleapis.com/upload/sites/astrapredict/versions/de6a81bcd367cbe4/files/4f895000fc64c9ec5c3c6ea5cbb6d38e4fd217ca13fe2f052bdf1f274055d53f [none]
[debug] [2023-03-27T23:53:52.575Z] >>> [apiv2][body] POST https://upload-firebasehosting.googleapis.com/upload/sites/astrapredict/versions/de6a81bcd367cbe4/files/4f895000fc64c9ec5c3c6ea5cbb6d38e4fd217ca13fe2f052bdf1f274055d53f [stream]
[debug] [2023-03-27T23:53:52.612Z] [uploadQueue] Retrying task 29d642d402e3f02300e1193c5c139ab0fc914f9422c0b061b9f4d9d7f76f224f
[debug] [2023-03-27T23:53:52.613Z] >>> [apiv2][query] POST https://upload-firebasehosting.googleapis.com/upload/sites/astrapredict/versions/de6a81bcd367cbe4/files/29d642d402e3f02300e1193c5c139ab0fc914f9422c0b061b9f4d9d7f76f224f [none]
[debug] [2023-03-27T23:53:52.613Z] >>> [apiv2][body] POST https://upload-firebasehosting.googleapis.com/upload/sites/astrapredict/versions/de6a81bcd367cbe4/files/29d642d402e3f02300e1193c5c139ab0fc914f9422c0b061b9f4d9d7f76f224f [stream]
[debug] [2023-03-27T23:53:52.870Z] [uploadQueue] Retrying task 2e0a08034b9319ecfa1ba3457122a40b5fc64d559ec2dd2c8d512d43a862c7e3
[debug] [2023-03-27T23:53:52.871Z] >>> [apiv2][query] POST https://upload-firebasehosting.googleapis.com/upload/sites/astrapredict/versions/de6a81bcd367cbe4/files/2e0a08034b9319ecfa1ba3457122a40b5fc64d559ec2dd2c8d512d43a862c7e3 [none]
[debug] [2023-03-27T23:53:52.871Z] >>> [apiv2][body] POST https://upload-firebasehosting.googleapis.com/upload/sites/astrapredict/versions/de6a81bcd367cbe4/files/2e0a08034b9319ecfa1ba3457122a40b5fc64d559ec2dd2c8d512d43a862c7e3 [stream]
[debug] [2023-03-27T23:53:52.890Z] [uploadQueue] Retrying task 16baa022b508142c7a584a8a51ced1ad33e34fedcc56e0ba7ee5f814e4909cf8
[debug] [2023-03-27T23:53:52.890Z] >>> [apiv2][query] POST https://upload-firebasehosting.googleapis.com/upload/sites/astrapredict/versions/de6a81bcd367cbe4/files/16baa022b508142c7a584a8a51ced1ad33e34fedcc56e0ba7ee5f814e4909cf8 [none]
[debug] [2023-03-27T23:53:52.890Z] >>> [apiv2][body] POST https://upload-firebasehosting.googleapis.com/upload/sites/astrapredict/versions/de6a81bcd367cbe4/files/16baa022b508142c7a584a8a51ced1ad33e34fedcc56e0ba7ee5f814e4909cf8 [stream]
[debug] [2023-03-27T23:53:53.109Z] [uploadQueue] Retrying task 748e937784576b782e513dc86228fb22592631a2a0811357724317ec79c2a69a
[debug] [2023-03-27T23:53:53.109Z] >>> [apiv2][query] POST https://upload-firebasehosting.googleapis.com/upload/sites/astrapredict/versions/de6a81bcd367cbe4/files/748e937784576b782e513dc86228fb22592631a2a0811357724317ec79c2a69a [none]
[debug] [2023-03-27T23:53:53.110Z] >>> [apiv2][body] POST https://upload-firebasehosting.googleapis.com/upload/sites/astrapredict/versions/de6a81bcd367cbe4/files/748e937784576b782e513dc86228fb22592631a2a0811357724317ec79c2a69a [stream]
[debug] [2023-03-27T23:53:53.213Z] [uploadQueue] Retrying task 2d31cc757ff7fd8530dd684231290e49dc2687c7380320f7eee7b1a8b64d33a2
[debug] [2023-03-27T23:53:53.214Z] >>> [apiv2][query] POST https://upload-firebasehosting.googleapis.com/upload/sites/astrapredict/versions/de6a81bcd367cbe4/files/2d31cc757ff7fd8530dd684231290e49dc2687c7380320f7eee7b1a8b64d33a2 [none]
[debug] [2023-03-27T23:53:53.214Z] >>> [apiv2][body] POST https://upload-firebasehosting.googleapis.com/upload/sites/astrapredict/versions/de6a81bcd367cbe4/files/2d31cc757ff7fd8530dd684231290e49dc2687c7380320f7eee7b1a8b64d33a2 [stream]
[debug] [2023-03-27T23:53:56.251Z] [uploadQueue] Retrying task b4a06fd9811231c6d6ced98287819afe56a052f6c5b96a7b5dfca693d7cbcc79
[debug] [2023-03-27T23:53:56.253Z] >>> [apiv2][query] POST https://upload-firebasehosting.googleapis.com/upload/sites/astrapredict/versions/de6a81bcd367cbe4/files/b4a06fd9811231c6d6ced98287819afe56a052f6c5b96a7b5dfca693d7cbcc79 [none]
[debug] [2023-03-27T23:53:56.253Z] >>> [apiv2][body] POST https://upload-firebasehosting.googleapis.com/upload/sites/astrapredict/versions/de6a81bcd367cbe4/files/b4a06fd9811231c6d6ced98287819afe56a052f6c5b96a7b5dfca693d7cbcc79 [stream]
[debug] [2023-03-27T23:53:56.652Z] [uploadQueue] Retrying task b7fb545f6ed4c68c1472f0a2aad71eb47745e814b4ab3e2becb738d28f1ec7a6
[debug] [2023-03-27T23:53:56.654Z] >>> [apiv2][query] POST https://upload-firebasehosting.googleapis.com/upload/sites/astrapredict/versions/de6a81bcd367cbe4/files/b7fb545f6ed4c68c1472f0a2aad71eb47745e814b4ab3e2becb738d28f1ec7a6 [none]
[debug] [2023-03-27T23:53:56.654Z] >>> [apiv2][body] POST https://upload-firebasehosting.googleapis.com/upload/sites/astrapredict/versions/de6a81bcd367cbe4/files/b7fb545f6ed4c68c1472f0a2aad71eb47745e814b4ab3e2becb738d28f1ec7a6 [stream]
[debug] [2023-03-27T23:53:57.313Z] [uploadQueue] Retrying task b9173324186006479379a4e39cec83be3ba301f454eeef6df928fc0aa81814d9
[debug] [2023-03-27T23:53:57.315Z] >>> [apiv2][query] POST https://upload-firebasehosting.googleapis.com/upload/sites/astrapredict/versions/de6a81bcd367cbe4/files/b9173324186006479379a4e39cec83be3ba301f454eeef6df928fc0aa81814d9 [none]
[debug] [2023-03-27T23:53:57.315Z] >>> [apiv2][body] POST https://upload-firebasehosting.googleapis.com/upload/sites/astrapredict/versions/de6a81bcd367cbe4/files/b9173324186006479379a4e39cec83be3ba301f454eeef6df928fc0aa81814d9 [stream]
[debug] [2023-03-27T23:53:57.452Z] [uploadQueue] Retrying task 7342241f90460fa7bc1a1b151d4ea968bd7ab842e9edd09c85f4811c00a5ff44
[debug] [2023-03-27T23:53:57.453Z] >>> [apiv2][query] POST https://upload-firebasehosting.googleapis.com/upload/sites/astrapredict/versions/de6a81bcd367cbe4/files/7342241f90460fa7bc1a1b151d4ea968bd7ab842e9edd09c85f4811c00a5ff44 [none]
[debug] [2023-03-27T23:53:57.453Z] >>> [apiv2][body] POST https://upload-firebasehosting.googleapis.com/upload/sites/astrapredict/versions/de6a81bcd367cbe4/files/7342241f90460fa7bc1a1b151d4ea968bd7ab842e9edd09c85f4811c00a5ff44 [stream]
[debug] [2023-03-27T23:53:58.511Z] [uploadQueue] Retrying task 5ec880b0226d209a866432841dc5a3ee31b89a94381233d9880fb3fb75ad7d0f
[debug] [2023-03-27T23:53:58.512Z] >>> [apiv2][query] POST https://upload-firebasehosting.googleapis.com/upload/sites/astrapredict/versions/de6a81bcd367cbe4/files/5ec880b0226d209a866432841dc5a3ee31b89a94381233d9880fb3fb75ad7d0f [none]
[debug] [2023-03-27T23:53:58.512Z] >>> [apiv2][body] POST https://upload-firebasehosting.googleapis.com/upload/sites/astrapredict/versions/de6a81bcd367cbe4/files/5ec880b0226d209a866432841dc5a3ee31b89a94381233d9880fb3fb75ad7d0f [stream]
